<?xml version="1.0" encoding="UTF-8"?>
<testng-results skipped="0" failed="0" ignored="0" total="1" passed="1">
  <reporter-output>
  </reporter-output>
  <suite name="Suite1" duration-ms="23698" started-at="2020-06-15T18:07:35Z" finished-at="2020-06-15T18:07:59Z">
    <groups>
    </groups>
    <test name="Regression" duration-ms="23698" started-at="2020-06-15T18:07:35Z" finished-at="2020-06-15T18:07:59Z">
      <class name="rsaha.learn.SelTesting.SamTest">
        <test-method status="PASS" signature="TestMthd()[pri:0, instance:rsaha.learn.SelTesting.SamTest@1b604f19]" name="TestMthd" duration-ms="23604" started-at="2020-06-15T18:07:35Z" finished-at="2020-06-15T18:07:59Z">
          <reporter-output>
          </reporter-output>
        </test-method> <!-- TestMthd -->
      </class> <!-- rsaha.learn.SelTesting.SamTest -->
    </test> <!-- Regression -->
  </suite> <!-- Suite1 -->
</testng-results>
